2020-06-01 14:26:13.132 - INFO - 16164 - azureml.train.automl._azureautomlclient.modify_run_configuration:191 - Package azureml-train-automl missing from dependencies file.
2020-06-01 14:26:14.159 - INFO - 16164 - azureml.train.automl._azureautomlclient.modify_run_configuration:197 - Using pinned version: azureml-train-automl==1.6.0.*
2020-06-01 14:26:14.161 - INFO - 16164 - azureml.train.automl._azureautomlclient.modify_run_configuration:191 - Package pandas missing from dependencies file.
2020-06-01 14:26:14.162 - INFO - 16164 - azureml.train.automl._azureautomlclient.modify_run_configuration:197 - Using pinned version: pandas>=0.21.0,<=0.23.4
2020-06-01 14:26:14.164 - INFO - 16164 - azureml.train.automl._azureautomlclient.modify_run_configuration:191 - Package scikit-learn missing from dependencies file.
2020-06-01 14:26:14.188 - INFO - 16164 - azureml.train.automl._azureautomlclient.modify_run_configuration:197 - Using pinned version: scikit-learn<=0.20.3,>=0.19.0
2020-06-01 14:26:14.190 - INFO - 16164 - azureml.train.automl._azureautomlclient.modify_run_configuration:191 - Package numpy missing from dependencies file.
2020-06-01 14:26:14.191 - INFO - 16164 - azureml.train.automl._azureautomlclient.modify_run_configuration:197 - Using pinned version: numpy>=1.16.0,<=1.16.2
2020-06-01 14:26:14.192 - INFO - 16164 - azureml.train.automl._azureautomlclient.modify_run_configuration:191 - Package py-xgboost missing from dependencies file.
2020-06-01 14:26:14.192 - INFO - 16164 - azureml.train.automl._azureautomlclient.modify_run_configuration:197 - Using pinned version: py-xgboost<=0.80
2020-06-01 14:26:14.193 - INFO - 16164 - azureml.train.automl._azureautomlclient.modify_run_configuration:191 - Package inference-schema missing from dependencies file.
2020-06-01 14:26:14.194 - INFO - 16164 - azureml.train.automl._azureautomlclient.modify_run_configuration:191 - Package holidays missing from dependencies file.
2020-06-01 14:26:14.195 - INFO - 16164 - azureml.train.automl._azureautomlclient.modify_run_configuration:197 - Using pinned version: holidays==0.9.11
2020-06-01 14:26:14.196 - INFO - 16164 - azureml.train.automl._azureautomlclient.modify_run_configuration:191 - Package fbprophet missing from dependencies file.
2020-06-01 14:26:14.196 - INFO - 16164 - azureml.train.automl._azureautomlclient.modify_run_configuration:197 - Using pinned version: fbprophet==0.5
2020-06-01 14:26:14.197 - INFO - 16164 - azureml.train.automl._azureautomlclient.modify_run_configuration:191 - Package setuptools-git missing from dependencies file.
2020-06-01 14:26:21.182 - INFO - 16164 - azureml.train.automl._azureautomlclient._validate_remote_input:526 - Validation service found the data has no errors.
2020-06-01 14:26:21.182 - INFO - 16164 - azureml.train.automl._azureautomlclient._create_parent_run_for_remote:455 - Start creating parent run.
2020-06-01 14:26:22.277 - INFO - 16164 - azureml.train.automl._azureautomlclient._create_parent_run_for_remote:469 - [ParentRunID:AutoML_edd75525-8590-42bb-bceb-8c536d6082e8] Remote run using input X and y.
2020-06-01 14:26:23.155 - INFO - 16164 - azureml.train.automl._azureautomlclient._create_parent_run_for_remote:483 - Parent Run ID: AutoML_edd75525-8590-42bb-bceb-8c536d6082e8
2020-06-01 14:26:23.156 - INFO - 16164 - azureml.train.automl._azureautomlclient._fit_remote_core:396 - Snapshot_id: 
2020-06-01 14:26:23.157 - INFO - 16164 - azureml.train.automl._azureautomlclient._fit_remote_core:405 - Starting a snapshot run (snapshotId : )
2020-06-01 20:22:07.386 - INFO - 16164 - azureml.train.automl._azureautomlclient.modify_run_configuration:191 - Package azureml-train-automl missing from dependencies file.
2020-06-01 20:22:07.386 - INFO - 16164 - azureml.train.automl._azureautomlclient.modify_run_configuration:197 - Using pinned version: azureml-train-automl==1.6.0.*
2020-06-01 20:22:07.387 - INFO - 16164 - azureml.train.automl._azureautomlclient.modify_run_configuration:191 - Package pandas missing from dependencies file.
2020-06-01 20:22:07.388 - INFO - 16164 - azureml.train.automl._azureautomlclient.modify_run_configuration:197 - Using pinned version: pandas>=0.21.0,<=0.23.4
2020-06-01 20:22:07.388 - INFO - 16164 - azureml.train.automl._azureautomlclient.modify_run_configuration:191 - Package scikit-learn missing from dependencies file.
2020-06-01 20:22:07.389 - INFO - 16164 - azureml.train.automl._azureautomlclient.modify_run_configuration:197 - Using pinned version: scikit-learn<=0.20.3,>=0.19.0
2020-06-01 20:22:07.403 - INFO - 16164 - azureml.train.automl._azureautomlclient.modify_run_configuration:191 - Package numpy missing from dependencies file.
2020-06-01 20:22:07.404 - INFO - 16164 - azureml.train.automl._azureautomlclient.modify_run_configuration:197 - Using pinned version: numpy>=1.16.0,<=1.16.2
2020-06-01 20:22:07.405 - INFO - 16164 - azureml.train.automl._azureautomlclient.modify_run_configuration:191 - Package py-xgboost missing from dependencies file.
2020-06-01 20:22:07.405 - INFO - 16164 - azureml.train.automl._azureautomlclient.modify_run_configuration:197 - Using pinned version: py-xgboost<=0.80
2020-06-01 20:22:07.406 - INFO - 16164 - azureml.train.automl._azureautomlclient.modify_run_configuration:191 - Package inference-schema missing from dependencies file.
2020-06-01 20:22:07.406 - INFO - 16164 - azureml.train.automl._azureautomlclient.modify_run_configuration:191 - Package holidays missing from dependencies file.
2020-06-01 20:22:07.407 - INFO - 16164 - azureml.train.automl._azureautomlclient.modify_run_configuration:197 - Using pinned version: holidays==0.9.11
2020-06-01 20:22:07.408 - INFO - 16164 - azureml.train.automl._azureautomlclient.modify_run_configuration:191 - Package fbprophet missing from dependencies file.
2020-06-01 20:22:07.408 - INFO - 16164 - azureml.train.automl._azureautomlclient.modify_run_configuration:197 - Using pinned version: fbprophet==0.5
2020-06-01 20:22:07.408 - INFO - 16164 - azureml.train.automl._azureautomlclient.modify_run_configuration:191 - Package setuptools-git missing from dependencies file.
2020-06-01 20:22:12.434 - INFO - 16164 - azureml.train.automl._azureautomlclient._validate_remote_input:526 - Validation service found the data has no errors.
2020-06-01 20:22:12.435 - INFO - 16164 - azureml.train.automl._azureautomlclient._create_parent_run_for_remote:455 - Start creating parent run.
2020-06-01 20:22:13.817 - INFO - 16164 - azureml.train.automl._azureautomlclient._create_parent_run_for_remote:469 - [ParentRunID:AutoML_7f07b39a-9d23-4285-8988-a5822502866c] Remote run using input X and y.
2020-06-01 20:22:14.823 - INFO - 16164 - azureml.train.automl._azureautomlclient._create_parent_run_for_remote:483 - Parent Run ID: AutoML_7f07b39a-9d23-4285-8988-a5822502866c
2020-06-01 20:22:14.823 - INFO - 16164 - azureml.train.automl._azureautomlclient._fit_remote_core:396 - Snapshot_id: 
2020-06-01 20:22:14.823 - INFO - 16164 - azureml.train.automl._azureautomlclient._fit_remote_core:405 - Starting a snapshot run (snapshotId : )
2020-06-02 08:21:22.385 - INFO - 5136 - azureml.train.automl._azureautomlclient.modify_run_configuration:191 - Package azureml-train-automl missing from dependencies file.
2020-06-02 08:21:23.388 - INFO - 5136 - azureml.train.automl._azureautomlclient.modify_run_configuration:197 - Using pinned version: azureml-train-automl==1.6.0.*
2020-06-02 08:21:23.388 - INFO - 5136 - azureml.train.automl._azureautomlclient.modify_run_configuration:191 - Package pandas missing from dependencies file.
2020-06-02 08:21:23.388 - INFO - 5136 - azureml.train.automl._azureautomlclient.modify_run_configuration:197 - Using pinned version: pandas>=0.21.0,<=0.23.4
2020-06-02 08:21:23.388 - INFO - 5136 - azureml.train.automl._azureautomlclient.modify_run_configuration:191 - Package scikit-learn missing from dependencies file.
2020-06-02 08:21:23.388 - INFO - 5136 - azureml.train.automl._azureautomlclient.modify_run_configuration:197 - Using pinned version: scikit-learn<=0.20.3,>=0.19.0
2020-06-02 08:21:23.388 - INFO - 5136 - azureml.train.automl._azureautomlclient.modify_run_configuration:191 - Package numpy missing from dependencies file.
2020-06-02 08:21:23.404 - INFO - 5136 - azureml.train.automl._azureautomlclient.modify_run_configuration:197 - Using pinned version: numpy>=1.16.0,<=1.16.2
2020-06-02 08:21:23.435 - INFO - 5136 - azureml.train.automl._azureautomlclient.modify_run_configuration:191 - Package py-xgboost missing from dependencies file.
2020-06-02 08:21:23.435 - INFO - 5136 - azureml.train.automl._azureautomlclient.modify_run_configuration:197 - Using pinned version: py-xgboost<=0.80
2020-06-02 08:21:23.435 - INFO - 5136 - azureml.train.automl._azureautomlclient.modify_run_configuration:191 - Package inference-schema missing from dependencies file.
2020-06-02 08:21:23.435 - INFO - 5136 - azureml.train.automl._azureautomlclient.modify_run_configuration:191 - Package holidays missing from dependencies file.
2020-06-02 08:21:23.435 - INFO - 5136 - azureml.train.automl._azureautomlclient.modify_run_configuration:197 - Using pinned version: holidays==0.9.11
2020-06-02 08:21:23.451 - INFO - 5136 - azureml.train.automl._azureautomlclient.modify_run_configuration:191 - Package fbprophet missing from dependencies file.
2020-06-02 08:21:23.451 - INFO - 5136 - azureml.train.automl._azureautomlclient.modify_run_configuration:197 - Using pinned version: fbprophet==0.5
2020-06-02 08:21:23.451 - INFO - 5136 - azureml.train.automl._azureautomlclient.modify_run_configuration:191 - Package setuptools-git missing from dependencies file.
2020-06-02 08:21:28.031 - INFO - 5136 - azureml.train.automl._azureautomlclient._validate_remote_input:526 - Validation service found the data has no errors.
2020-06-02 08:21:28.031 - INFO - 5136 - azureml.train.automl._azureautomlclient._create_parent_run_for_remote:455 - Start creating parent run.
2020-06-02 08:21:29.000 - INFO - 5136 - azureml.train.automl._azureautomlclient._create_parent_run_for_remote:469 - [ParentRunID:AutoML_91fbd365-7387-4d76-bbb4-1ed61de496b7] Remote run using input X and y.
2020-06-02 08:21:29.887 - INFO - 5136 - azureml.train.automl._azureautomlclient._create_parent_run_for_remote:483 - Parent Run ID: AutoML_91fbd365-7387-4d76-bbb4-1ed61de496b7
2020-06-02 08:21:29.888 - INFO - 5136 - azureml.train.automl._azureautomlclient._fit_remote_core:396 - Snapshot_id: 
2020-06-02 08:21:29.889 - INFO - 5136 - azureml.train.automl._azureautomlclient._fit_remote_core:405 - Starting a snapshot run (snapshotId : )
2020-06-02 09:19:20.546 - INFO - 16400 - azureml.train.automl._azureautomlclient.modify_run_configuration:191 - Package azureml-train-automl missing from dependencies file.
2020-06-02 09:19:21.564 - INFO - 16400 - azureml.train.automl._azureautomlclient.modify_run_configuration:197 - Using pinned version: azureml-train-automl==1.6.0.*
2020-06-02 09:19:21.564 - INFO - 16400 - azureml.train.automl._azureautomlclient.modify_run_configuration:191 - Package pandas missing from dependencies file.
2020-06-02 09:19:21.564 - INFO - 16400 - azureml.train.automl._azureautomlclient.modify_run_configuration:197 - Using pinned version: pandas>=0.21.0,<=0.23.4
2020-06-02 09:19:21.564 - INFO - 16400 - azureml.train.automl._azureautomlclient.modify_run_configuration:191 - Package scikit-learn missing from dependencies file.
2020-06-02 09:19:21.564 - INFO - 16400 - azureml.train.automl._azureautomlclient.modify_run_configuration:197 - Using pinned version: scikit-learn<=0.20.3,>=0.19.0
2020-06-02 09:19:21.564 - INFO - 16400 - azureml.train.automl._azureautomlclient.modify_run_configuration:191 - Package numpy missing from dependencies file.
2020-06-02 09:19:21.564 - INFO - 16400 - azureml.train.automl._azureautomlclient.modify_run_configuration:197 - Using pinned version: numpy>=1.16.0,<=1.16.2
2020-06-02 09:19:21.564 - INFO - 16400 - azureml.train.automl._azureautomlclient.modify_run_configuration:191 - Package py-xgboost missing from dependencies file.
2020-06-02 09:19:21.580 - INFO - 16400 - azureml.train.automl._azureautomlclient.modify_run_configuration:197 - Using pinned version: py-xgboost<=0.80
2020-06-02 09:19:21.596 - INFO - 16400 - azureml.train.automl._azureautomlclient.modify_run_configuration:191 - Package inference-schema missing from dependencies file.
2020-06-02 09:19:21.596 - INFO - 16400 - azureml.train.automl._azureautomlclient.modify_run_configuration:191 - Package holidays missing from dependencies file.
2020-06-02 09:19:21.596 - INFO - 16400 - azureml.train.automl._azureautomlclient.modify_run_configuration:197 - Using pinned version: holidays==0.9.11
2020-06-02 09:19:21.596 - INFO - 16400 - azureml.train.automl._azureautomlclient.modify_run_configuration:191 - Package fbprophet missing from dependencies file.
2020-06-02 09:19:21.596 - INFO - 16400 - azureml.train.automl._azureautomlclient.modify_run_configuration:197 - Using pinned version: fbprophet==0.5
2020-06-02 09:19:21.596 - INFO - 16400 - azureml.train.automl._azureautomlclient.modify_run_configuration:191 - Package setuptools-git missing from dependencies file.
2020-06-02 09:19:25.755 - INFO - 16400 - azureml.train.automl._azureautomlclient._validate_remote_input:526 - Validation service found the data has no errors.
2020-06-02 09:19:25.755 - INFO - 16400 - azureml.train.automl._azureautomlclient._create_parent_run_for_remote:455 - Start creating parent run.
2020-06-02 09:19:27.044 - INFO - 16400 - azureml.train.automl._azureautomlclient._create_parent_run_for_remote:469 - [ParentRunID:AutoML_5da288d9-f117-49a1-92d5-f2a1baba184d] Remote run using input X and y.
2020-06-02 09:19:27.900 - INFO - 16400 - azureml.train.automl._azureautomlclient._create_parent_run_for_remote:483 - Parent Run ID: AutoML_5da288d9-f117-49a1-92d5-f2a1baba184d
2020-06-02 09:19:27.900 - INFO - 16400 - azureml.train.automl._azureautomlclient._fit_remote_core:396 - Snapshot_id: 
2020-06-02 09:19:27.900 - INFO - 16400 - azureml.train.automl._azureautomlclient._fit_remote_core:405 - Starting a snapshot run (snapshotId : )
2020-06-02 09:58:17.862 - INFO - 14460 - azureml.train.automl._azureautomlclient.modify_run_configuration:191 - Package azureml-train-automl missing from dependencies file.
2020-06-02 09:58:18.862 - INFO - 14460 - azureml.train.automl._azureautomlclient.modify_run_configuration:197 - Using pinned version: azureml-train-automl==1.6.0.*
2020-06-02 09:58:18.862 - INFO - 14460 - azureml.train.automl._azureautomlclient.modify_run_configuration:191 - Package pandas missing from dependencies file.
2020-06-02 09:58:18.862 - INFO - 14460 - azureml.train.automl._azureautomlclient.modify_run_configuration:197 - Using pinned version: pandas>=0.21.0,<=0.23.4
2020-06-02 09:58:18.862 - INFO - 14460 - azureml.train.automl._azureautomlclient.modify_run_configuration:191 - Package scikit-learn missing from dependencies file.
2020-06-02 09:58:18.862 - INFO - 14460 - azureml.train.automl._azureautomlclient.modify_run_configuration:197 - Using pinned version: scikit-learn<=0.20.3,>=0.19.0
2020-06-02 09:58:18.878 - INFO - 14460 - azureml.train.automl._azureautomlclient.modify_run_configuration:191 - Package numpy missing from dependencies file.
2020-06-02 09:58:18.893 - INFO - 14460 - azureml.train.automl._azureautomlclient.modify_run_configuration:197 - Using pinned version: numpy>=1.16.0,<=1.16.2
2020-06-02 09:58:18.893 - INFO - 14460 - azureml.train.automl._azureautomlclient.modify_run_configuration:191 - Package py-xgboost missing from dependencies file.
2020-06-02 09:58:18.893 - INFO - 14460 - azureml.train.automl._azureautomlclient.modify_run_configuration:197 - Using pinned version: py-xgboost<=0.80
2020-06-02 09:58:18.893 - INFO - 14460 - azureml.train.automl._azureautomlclient.modify_run_configuration:191 - Package inference-schema missing from dependencies file.
2020-06-02 09:58:18.893 - INFO - 14460 - azureml.train.automl._azureautomlclient.modify_run_configuration:191 - Package holidays missing from dependencies file.
2020-06-02 09:58:18.893 - INFO - 14460 - azureml.train.automl._azureautomlclient.modify_run_configuration:197 - Using pinned version: holidays==0.9.11
2020-06-02 09:58:18.893 - INFO - 14460 - azureml.train.automl._azureautomlclient.modify_run_configuration:191 - Package fbprophet missing from dependencies file.
2020-06-02 09:58:18.893 - INFO - 14460 - azureml.train.automl._azureautomlclient.modify_run_configuration:197 - Using pinned version: fbprophet==0.5
2020-06-02 09:58:18.893 - INFO - 14460 - azureml.train.automl._azureautomlclient.modify_run_configuration:191 - Package setuptools-git missing from dependencies file.
2020-06-02 09:58:23.653 - INFO - 14460 - azureml.train.automl._azureautomlclient._validate_remote_input:526 - Validation service found the data has no errors.
2020-06-02 09:58:23.653 - INFO - 14460 - azureml.train.automl._azureautomlclient._create_parent_run_for_remote:455 - Start creating parent run.
2020-06-02 09:58:24.717 - INFO - 14460 - azureml.train.automl._azureautomlclient._create_parent_run_for_remote:469 - [ParentRunID:AutoML_d91be740-eed2-4f4e-bfe4-45dc49e9a6b7] Remote run using input X and y.
2020-06-02 09:58:25.643 - INFO - 14460 - azureml.train.automl._azureautomlclient._create_parent_run_for_remote:483 - Parent Run ID: AutoML_d91be740-eed2-4f4e-bfe4-45dc49e9a6b7
2020-06-02 09:58:25.644 - INFO - 14460 - azureml.train.automl._azureautomlclient._fit_remote_core:396 - Snapshot_id: 
2020-06-02 09:58:25.646 - INFO - 14460 - azureml.train.automl._azureautomlclient._fit_remote_core:405 - Starting a snapshot run (snapshotId : )
2020-06-02 11:20:40.991 - INFO - 15800 - azureml.train.automl._azureautomlclient.modify_run_configuration:191 - Package azureml-train-automl missing from dependencies file.
2020-06-02 11:20:41.995 - INFO - 15800 - azureml.train.automl._azureautomlclient.modify_run_configuration:197 - Using pinned version: azureml-train-automl==1.6.0.*
2020-06-02 11:20:41.997 - INFO - 15800 - azureml.train.automl._azureautomlclient.modify_run_configuration:191 - Package pandas missing from dependencies file.
2020-06-02 11:20:41.997 - INFO - 15800 - azureml.train.automl._azureautomlclient.modify_run_configuration:197 - Using pinned version: pandas>=0.21.0,<=0.23.4
2020-06-02 11:20:41.999 - INFO - 15800 - azureml.train.automl._azureautomlclient.modify_run_configuration:191 - Package scikit-learn missing from dependencies file.
2020-06-02 11:20:42.000 - INFO - 15800 - azureml.train.automl._azureautomlclient.modify_run_configuration:197 - Using pinned version: scikit-learn<=0.20.3,>=0.19.0
2020-06-02 11:20:42.001 - INFO - 15800 - azureml.train.automl._azureautomlclient.modify_run_configuration:191 - Package numpy missing from dependencies file.
2020-06-02 11:20:42.020 - INFO - 15800 - azureml.train.automl._azureautomlclient.modify_run_configuration:197 - Using pinned version: numpy>=1.16.0,<=1.16.2
2020-06-02 11:20:42.026 - INFO - 15800 - azureml.train.automl._azureautomlclient.modify_run_configuration:191 - Package py-xgboost missing from dependencies file.
2020-06-02 11:20:42.027 - INFO - 15800 - azureml.train.automl._azureautomlclient.modify_run_configuration:197 - Using pinned version: py-xgboost<=0.80
2020-06-02 11:20:42.029 - INFO - 15800 - azureml.train.automl._azureautomlclient.modify_run_configuration:191 - Package inference-schema missing from dependencies file.
2020-06-02 11:20:42.030 - INFO - 15800 - azureml.train.automl._azureautomlclient.modify_run_configuration:191 - Package holidays missing from dependencies file.
2020-06-02 11:20:42.031 - INFO - 15800 - azureml.train.automl._azureautomlclient.modify_run_configuration:197 - Using pinned version: holidays==0.9.11
2020-06-02 11:20:42.032 - INFO - 15800 - azureml.train.automl._azureautomlclient.modify_run_configuration:191 - Package fbprophet missing from dependencies file.
2020-06-02 11:20:42.032 - INFO - 15800 - azureml.train.automl._azureautomlclient.modify_run_configuration:197 - Using pinned version: fbprophet==0.5
2020-06-02 11:20:42.033 - INFO - 15800 - azureml.train.automl._azureautomlclient.modify_run_configuration:191 - Package setuptools-git missing from dependencies file.
2020-06-02 11:20:50.440 - INFO - 15800 - azureml.train.automl._azureautomlclient._validate_remote_input:526 - Validation service found the data has no errors.
2020-06-02 11:20:50.440 - INFO - 15800 - azureml.train.automl._azureautomlclient._create_parent_run_for_remote:455 - Start creating parent run.
2020-06-02 11:20:51.548 - INFO - 15800 - azureml.train.automl._azureautomlclient._create_parent_run_for_remote:469 - [ParentRunID:AutoML_51a912ae-5bfa-49cf-83b9-7dbe89a7d0e0] Remote run using input X and y.
2020-06-02 11:20:52.410 - INFO - 15800 - azureml.train.automl._azureautomlclient._create_parent_run_for_remote:483 - Parent Run ID: AutoML_51a912ae-5bfa-49cf-83b9-7dbe89a7d0e0
2020-06-02 11:20:52.410 - INFO - 15800 - azureml.train.automl._azureautomlclient._fit_remote_core:396 - Snapshot_id: 
2020-06-02 11:20:52.411 - INFO - 15800 - azureml.train.automl._azureautomlclient._fit_remote_core:405 - Starting a snapshot run (snapshotId : )
2020-06-02 11:25:42.436 - INFO - 13412 - azureml.train.automl._azureautomlclient.modify_run_configuration:191 - Package azureml-train-automl missing from dependencies file.
2020-06-02 11:25:43.443 - INFO - 13412 - azureml.train.automl._azureautomlclient.modify_run_configuration:197 - Using pinned version: azureml-train-automl==1.6.0.*
2020-06-02 11:25:43.444 - INFO - 13412 - azureml.train.automl._azureautomlclient.modify_run_configuration:191 - Package pandas missing from dependencies file.
2020-06-02 11:25:43.445 - INFO - 13412 - azureml.train.automl._azureautomlclient.modify_run_configuration:197 - Using pinned version: pandas>=0.21.0,<=0.23.4
2020-06-02 11:25:43.446 - INFO - 13412 - azureml.train.automl._azureautomlclient.modify_run_configuration:191 - Package scikit-learn missing from dependencies file.
2020-06-02 11:25:43.447 - INFO - 13412 - azureml.train.automl._azureautomlclient.modify_run_configuration:197 - Using pinned version: scikit-learn<=0.20.3,>=0.19.0
2020-06-02 11:25:43.447 - INFO - 13412 - azureml.train.automl._azureautomlclient.modify_run_configuration:191 - Package numpy missing from dependencies file.
2020-06-02 11:25:43.448 - INFO - 13412 - azureml.train.automl._azureautomlclient.modify_run_configuration:197 - Using pinned version: numpy>=1.16.0,<=1.16.2
2020-06-02 11:25:43.449 - INFO - 13412 - azureml.train.automl._azureautomlclient.modify_run_configuration:191 - Package py-xgboost missing from dependencies file.
2020-06-02 11:25:43.473 - INFO - 13412 - azureml.train.automl._azureautomlclient.modify_run_configuration:197 - Using pinned version: py-xgboost<=0.80
2020-06-02 11:25:43.474 - INFO - 13412 - azureml.train.automl._azureautomlclient.modify_run_configuration:191 - Package inference-schema missing from dependencies file.
2020-06-02 11:25:43.475 - INFO - 13412 - azureml.train.automl._azureautomlclient.modify_run_configuration:191 - Package holidays missing from dependencies file.
2020-06-02 11:25:43.475 - INFO - 13412 - azureml.train.automl._azureautomlclient.modify_run_configuration:197 - Using pinned version: holidays==0.9.11
2020-06-02 11:25:43.476 - INFO - 13412 - azureml.train.automl._azureautomlclient.modify_run_configuration:191 - Package fbprophet missing from dependencies file.
2020-06-02 11:25:43.477 - INFO - 13412 - azureml.train.automl._azureautomlclient.modify_run_configuration:197 - Using pinned version: fbprophet==0.5
2020-06-02 11:25:43.478 - INFO - 13412 - azureml.train.automl._azureautomlclient.modify_run_configuration:191 - Package setuptools-git missing from dependencies file.
2020-06-02 11:25:51.331 - INFO - 13412 - azureml.train.automl._azureautomlclient._validate_remote_input:526 - Validation service found the data has no errors.
2020-06-02 11:25:51.331 - INFO - 13412 - azureml.train.automl._azureautomlclient._create_parent_run_for_remote:455 - Start creating parent run.
2020-06-02 11:25:52.424 - INFO - 13412 - azureml.train.automl._azureautomlclient._create_parent_run_for_remote:469 - [ParentRunID:AutoML_ee526cbe-ae69-42f8-ac6c-0af1a8c043bf] Remote run using input X and y.
2020-06-02 11:25:53.379 - INFO - 13412 - azureml.train.automl._azureautomlclient._create_parent_run_for_remote:483 - Parent Run ID: AutoML_ee526cbe-ae69-42f8-ac6c-0af1a8c043bf
2020-06-02 11:25:53.380 - INFO - 13412 - azureml.train.automl._azureautomlclient._fit_remote_core:396 - Snapshot_id: 
2020-06-02 11:25:53.381 - INFO - 13412 - azureml.train.automl._azureautomlclient._fit_remote_core:405 - Starting a snapshot run (snapshotId : )
2020-06-02 12:39:48.914 - INFO - 5164 - azureml.train.automl._azureautomlclient.modify_run_configuration:191 - Package azureml-train-automl missing from dependencies file.
2020-06-02 12:39:49.917 - INFO - 5164 - azureml.train.automl._azureautomlclient.modify_run_configuration:197 - Using pinned version: azureml-train-automl==1.6.0.*
2020-06-02 12:39:49.918 - INFO - 5164 - azureml.train.automl._azureautomlclient.modify_run_configuration:191 - Package pandas missing from dependencies file.
2020-06-02 12:39:49.919 - INFO - 5164 - azureml.train.automl._azureautomlclient.modify_run_configuration:197 - Using pinned version: pandas>=0.21.0,<=0.23.4
2020-06-02 12:39:49.920 - INFO - 5164 - azureml.train.automl._azureautomlclient.modify_run_configuration:191 - Package scikit-learn missing from dependencies file.
2020-06-02 12:39:49.920 - INFO - 5164 - azureml.train.automl._azureautomlclient.modify_run_configuration:197 - Using pinned version: scikit-learn<=0.20.3,>=0.19.0
2020-06-02 12:39:49.921 - INFO - 5164 - azureml.train.automl._azureautomlclient.modify_run_configuration:191 - Package numpy missing from dependencies file.
2020-06-02 12:39:49.922 - INFO - 5164 - azureml.train.automl._azureautomlclient.modify_run_configuration:197 - Using pinned version: numpy>=1.16.0,<=1.16.2
2020-06-02 12:39:49.924 - INFO - 5164 - azureml.train.automl._azureautomlclient.modify_run_configuration:191 - Package py-xgboost missing from dependencies file.
2020-06-02 12:39:49.951 - INFO - 5164 - azureml.train.automl._azureautomlclient.modify_run_configuration:197 - Using pinned version: py-xgboost<=0.80
2020-06-02 12:39:49.953 - INFO - 5164 - azureml.train.automl._azureautomlclient.modify_run_configuration:191 - Package inference-schema missing from dependencies file.
2020-06-02 12:39:49.955 - INFO - 5164 - azureml.train.automl._azureautomlclient.modify_run_configuration:191 - Package holidays missing from dependencies file.
2020-06-02 12:39:49.956 - INFO - 5164 - azureml.train.automl._azureautomlclient.modify_run_configuration:197 - Using pinned version: holidays==0.9.11
2020-06-02 12:39:49.957 - INFO - 5164 - azureml.train.automl._azureautomlclient.modify_run_configuration:191 - Package fbprophet missing from dependencies file.
2020-06-02 12:39:49.958 - INFO - 5164 - azureml.train.automl._azureautomlclient.modify_run_configuration:197 - Using pinned version: fbprophet==0.5
2020-06-02 12:39:49.958 - INFO - 5164 - azureml.train.automl._azureautomlclient.modify_run_configuration:191 - Package setuptools-git missing from dependencies file.
2020-06-02 12:39:56.573 - INFO - 5164 - azureml.train.automl._azureautomlclient._validate_remote_input:526 - Validation service found the data has no errors.
2020-06-02 12:39:56.574 - INFO - 5164 - azureml.train.automl._azureautomlclient._create_parent_run_for_remote:455 - Start creating parent run.
2020-06-02 12:39:57.623 - INFO - 5164 - azureml.train.automl._azureautomlclient._create_parent_run_for_remote:469 - [ParentRunID:AutoML_aa62d2eb-0124-49fd-ac23-2cfdb4cdf463] Remote run using input X and y.
2020-06-02 12:39:58.567 - INFO - 5164 - azureml.train.automl._azureautomlclient._create_parent_run_for_remote:483 - Parent Run ID: AutoML_aa62d2eb-0124-49fd-ac23-2cfdb4cdf463
2020-06-02 12:39:58.567 - INFO - 5164 - azureml.train.automl._azureautomlclient._fit_remote_core:396 - Snapshot_id: 
2020-06-02 12:39:58.567 - INFO - 5164 - azureml.train.automl._azureautomlclient._fit_remote_core:405 - Starting a snapshot run (snapshotId : )
2020-06-02 12:41:54.559 - INFO - 16756 - azureml.train.automl._azureautomlclient.modify_run_configuration:191 - Package azureml-train-automl missing from dependencies file.
2020-06-02 12:41:55.569 - INFO - 16756 - azureml.train.automl._azureautomlclient.modify_run_configuration:197 - Using pinned version: azureml-train-automl==1.6.0.*
2020-06-02 12:41:55.572 - INFO - 16756 - azureml.train.automl._azureautomlclient.modify_run_configuration:191 - Package pandas missing from dependencies file.
2020-06-02 12:41:55.572 - INFO - 16756 - azureml.train.automl._azureautomlclient.modify_run_configuration:197 - Using pinned version: pandas>=0.21.0,<=0.23.4
2020-06-02 12:41:55.573 - INFO - 16756 - azureml.train.automl._azureautomlclient.modify_run_configuration:191 - Package scikit-learn missing from dependencies file.
2020-06-02 12:41:55.575 - INFO - 16756 - azureml.train.automl._azureautomlclient.modify_run_configuration:197 - Using pinned version: scikit-learn<=0.20.3,>=0.19.0
2020-06-02 12:41:55.593 - INFO - 16756 - azureml.train.automl._azureautomlclient.modify_run_configuration:191 - Package numpy missing from dependencies file.
2020-06-02 12:41:55.600 - INFO - 16756 - azureml.train.automl._azureautomlclient.modify_run_configuration:197 - Using pinned version: numpy>=1.16.0,<=1.16.2
2020-06-02 12:41:55.602 - INFO - 16756 - azureml.train.automl._azureautomlclient.modify_run_configuration:191 - Package py-xgboost missing from dependencies file.
2020-06-02 12:41:55.602 - INFO - 16756 - azureml.train.automl._azureautomlclient.modify_run_configuration:197 - Using pinned version: py-xgboost<=0.80
2020-06-02 12:41:55.604 - INFO - 16756 - azureml.train.automl._azureautomlclient.modify_run_configuration:191 - Package inference-schema missing from dependencies file.
2020-06-02 12:41:55.605 - INFO - 16756 - azureml.train.automl._azureautomlclient.modify_run_configuration:191 - Package holidays missing from dependencies file.
2020-06-02 12:41:55.605 - INFO - 16756 - azureml.train.automl._azureautomlclient.modify_run_configuration:197 - Using pinned version: holidays==0.9.11
2020-06-02 12:41:55.606 - INFO - 16756 - azureml.train.automl._azureautomlclient.modify_run_configuration:191 - Package fbprophet missing from dependencies file.
2020-06-02 12:41:55.606 - INFO - 16756 - azureml.train.automl._azureautomlclient.modify_run_configuration:197 - Using pinned version: fbprophet==0.5
2020-06-02 12:41:55.607 - INFO - 16756 - azureml.train.automl._azureautomlclient.modify_run_configuration:191 - Package setuptools-git missing from dependencies file.
2020-06-02 12:41:59.777 - INFO - 16756 - azureml.train.automl._azureautomlclient._validate_remote_input:526 - Validation service found the data has no errors.
2020-06-02 12:41:59.777 - INFO - 16756 - azureml.train.automl._azureautomlclient._create_parent_run_for_remote:455 - Start creating parent run.
2020-06-02 12:42:00.857 - INFO - 16756 - azureml.train.automl._azureautomlclient._create_parent_run_for_remote:469 - [ParentRunID:AutoML_8b934fdd-3b82-4d97-a4fd-d3ed0c93f8c2] Remote run using input X and y.
2020-06-02 12:42:01.734 - INFO - 16756 - azureml.train.automl._azureautomlclient._create_parent_run_for_remote:483 - Parent Run ID: AutoML_8b934fdd-3b82-4d97-a4fd-d3ed0c93f8c2
2020-06-02 12:42:01.735 - INFO - 16756 - azureml.train.automl._azureautomlclient._fit_remote_core:396 - Snapshot_id: 
2020-06-02 12:42:01.736 - INFO - 16756 - azureml.train.automl._azureautomlclient._fit_remote_core:405 - Starting a snapshot run (snapshotId : )
2020-06-02 12:44:44.032 - INFO - 14584 - azureml.train.automl._azureautomlclient.modify_run_configuration:191 - Package azureml-train-automl missing from dependencies file.
2020-06-02 12:44:45.046 - INFO - 14584 - azureml.train.automl._azureautomlclient.modify_run_configuration:197 - Using pinned version: azureml-train-automl==1.6.0.*
2020-06-02 12:44:45.048 - INFO - 14584 - azureml.train.automl._azureautomlclient.modify_run_configuration:191 - Package pandas missing from dependencies file.
2020-06-02 12:44:45.049 - INFO - 14584 - azureml.train.automl._azureautomlclient.modify_run_configuration:197 - Using pinned version: pandas>=0.21.0,<=0.23.4
2020-06-02 12:44:45.049 - INFO - 14584 - azureml.train.automl._azureautomlclient.modify_run_configuration:191 - Package scikit-learn missing from dependencies file.
2020-06-02 12:44:45.050 - INFO - 14584 - azureml.train.automl._azureautomlclient.modify_run_configuration:197 - Using pinned version: scikit-learn<=0.20.3,>=0.19.0
2020-06-02 12:44:45.052 - INFO - 14584 - azureml.train.automl._azureautomlclient.modify_run_configuration:191 - Package numpy missing from dependencies file.
2020-06-02 12:44:45.052 - INFO - 14584 - azureml.train.automl._azureautomlclient.modify_run_configuration:197 - Using pinned version: numpy>=1.16.0,<=1.16.2
2020-06-02 12:44:45.054 - INFO - 14584 - azureml.train.automl._azureautomlclient.modify_run_configuration:191 - Package py-xgboost missing from dependencies file.
2020-06-02 12:44:45.063 - INFO - 14584 - azureml.train.automl._azureautomlclient.modify_run_configuration:197 - Using pinned version: py-xgboost<=0.80
2020-06-02 12:44:45.080 - INFO - 14584 - azureml.train.automl._azureautomlclient.modify_run_configuration:191 - Package inference-schema missing from dependencies file.
2020-06-02 12:44:45.081 - INFO - 14584 - azureml.train.automl._azureautomlclient.modify_run_configuration:191 - Package holidays missing from dependencies file.
2020-06-02 12:44:45.082 - INFO - 14584 - azureml.train.automl._azureautomlclient.modify_run_configuration:197 - Using pinned version: holidays==0.9.11
2020-06-02 12:44:45.083 - INFO - 14584 - azureml.train.automl._azureautomlclient.modify_run_configuration:191 - Package fbprophet missing from dependencies file.
2020-06-02 12:44:45.084 - INFO - 14584 - azureml.train.automl._azureautomlclient.modify_run_configuration:197 - Using pinned version: fbprophet==0.5
2020-06-02 12:44:45.084 - INFO - 14584 - azureml.train.automl._azureautomlclient.modify_run_configuration:191 - Package setuptools-git missing from dependencies file.
2020-06-02 12:44:50.231 - INFO - 14584 - azureml.train.automl._azureautomlclient._validate_remote_input:526 - Validation service found the data has no errors.
2020-06-02 12:44:50.231 - INFO - 14584 - azureml.train.automl._azureautomlclient._create_parent_run_for_remote:455 - Start creating parent run.
2020-06-02 12:44:51.245 - INFO - 14584 - azureml.train.automl._azureautomlclient._create_parent_run_for_remote:469 - [ParentRunID:AutoML_a2e4c171-d1c8-4eac-866a-95d5d5b2117a] Remote run using input X and y.
2020-06-02 12:44:52.142 - INFO - 14584 - azureml.train.automl._azureautomlclient._create_parent_run_for_remote:483 - Parent Run ID: AutoML_a2e4c171-d1c8-4eac-866a-95d5d5b2117a
2020-06-02 12:44:52.142 - INFO - 14584 - azureml.train.automl._azureautomlclient._fit_remote_core:396 - Snapshot_id: 
2020-06-02 12:44:52.144 - INFO - 14584 - azureml.train.automl._azureautomlclient._fit_remote_core:405 - Starting a snapshot run (snapshotId : )
2020-06-02 14:52:32.911 - INFO - 11480 - azureml.train.automl._azureautomlclient.modify_run_configuration:191 - Package azureml-train-automl missing from dependencies file.
2020-06-02 14:52:33.922 - INFO - 11480 - azureml.train.automl._azureautomlclient.modify_run_configuration:197 - Using pinned version: azureml-train-automl==1.6.0.*
2020-06-02 14:52:33.923 - INFO - 11480 - azureml.train.automl._azureautomlclient.modify_run_configuration:191 - Package pandas missing from dependencies file.
2020-06-02 14:52:33.924 - INFO - 11480 - azureml.train.automl._azureautomlclient.modify_run_configuration:197 - Using pinned version: pandas>=0.21.0,<=0.23.4
2020-06-02 14:52:33.925 - INFO - 11480 - azureml.train.automl._azureautomlclient.modify_run_configuration:191 - Package scikit-learn missing from dependencies file.
2020-06-02 14:52:33.925 - INFO - 11480 - azureml.train.automl._azureautomlclient.modify_run_configuration:197 - Using pinned version: scikit-learn<=0.20.3,>=0.19.0
2020-06-02 14:52:33.926 - INFO - 11480 - azureml.train.automl._azureautomlclient.modify_run_configuration:191 - Package numpy missing from dependencies file.
2020-06-02 14:52:33.926 - INFO - 11480 - azureml.train.automl._azureautomlclient.modify_run_configuration:197 - Using pinned version: numpy>=1.16.0,<=1.16.2
2020-06-02 14:52:33.927 - INFO - 11480 - azureml.train.automl._azureautomlclient.modify_run_configuration:191 - Package py-xgboost missing from dependencies file.
2020-06-02 14:52:33.928 - INFO - 11480 - azureml.train.automl._azureautomlclient.modify_run_configuration:197 - Using pinned version: py-xgboost<=0.80
2020-06-02 14:52:33.941 - INFO - 11480 - azureml.train.automl._azureautomlclient.modify_run_configuration:191 - Package inference-schema missing from dependencies file.
2020-06-02 14:52:33.944 - INFO - 11480 - azureml.train.automl._azureautomlclient.modify_run_configuration:191 - Package holidays missing from dependencies file.
2020-06-02 14:52:33.945 - INFO - 11480 - azureml.train.automl._azureautomlclient.modify_run_configuration:197 - Using pinned version: holidays==0.9.11
2020-06-02 14:52:33.946 - INFO - 11480 - azureml.train.automl._azureautomlclient.modify_run_configuration:191 - Package fbprophet missing from dependencies file.
2020-06-02 14:52:33.946 - INFO - 11480 - azureml.train.automl._azureautomlclient.modify_run_configuration:197 - Using pinned version: fbprophet==0.5
2020-06-02 14:52:33.947 - INFO - 11480 - azureml.train.automl._azureautomlclient.modify_run_configuration:191 - Package setuptools-git missing from dependencies file.
2020-06-02 14:52:38.730 - INFO - 11480 - azureml.train.automl._azureautomlclient._validate_remote_input:526 - Validation service found the data has no errors.
2020-06-02 14:52:38.730 - INFO - 11480 - azureml.train.automl._azureautomlclient._create_parent_run_for_remote:455 - Start creating parent run.
2020-06-02 14:52:39.727 - INFO - 11480 - azureml.train.automl._azureautomlclient._create_parent_run_for_remote:469 - [ParentRunID:AutoML_ee7c2cc2-7866-4c0f-8a3d-bdd7eaa9f96d] Remote run using input X and y.
2020-06-02 14:52:40.617 - INFO - 11480 - azureml.train.automl._azureautomlclient._create_parent_run_for_remote:483 - Parent Run ID: AutoML_ee7c2cc2-7866-4c0f-8a3d-bdd7eaa9f96d
2020-06-02 14:52:40.617 - INFO - 11480 - azureml.train.automl._azureautomlclient._fit_remote_core:396 - Snapshot_id: 
2020-06-02 14:52:40.619 - INFO - 11480 - azureml.train.automl._azureautomlclient._fit_remote_core:405 - Starting a snapshot run (snapshotId : )
2020-06-02 16:17:37.123 - INFO - 17028 - azureml.train.automl._azureautomlclient.modify_run_configuration:191 - Package azureml-train-automl missing from dependencies file.
2020-06-02 16:17:38.127 - INFO - 17028 - azureml.train.automl._azureautomlclient.modify_run_configuration:197 - Using pinned version: azureml-train-automl==1.6.0.*
2020-06-02 16:17:38.128 - INFO - 17028 - azureml.train.automl._azureautomlclient.modify_run_configuration:191 - Package pandas missing from dependencies file.
2020-06-02 16:17:38.128 - INFO - 17028 - azureml.train.automl._azureautomlclient.modify_run_configuration:197 - Using pinned version: pandas>=0.21.0,<=0.23.4
2020-06-02 16:17:38.128 - INFO - 17028 - azureml.train.automl._azureautomlclient.modify_run_configuration:191 - Package scikit-learn missing from dependencies file.
2020-06-02 16:17:38.129 - INFO - 17028 - azureml.train.automl._azureautomlclient.modify_run_configuration:197 - Using pinned version: scikit-learn<=0.20.3,>=0.19.0
2020-06-02 16:17:38.129 - INFO - 17028 - azureml.train.automl._azureautomlclient.modify_run_configuration:191 - Package numpy missing from dependencies file.
2020-06-02 16:17:38.143 - INFO - 17028 - azureml.train.automl._azureautomlclient.modify_run_configuration:197 - Using pinned version: numpy>=1.16.0,<=1.16.2
2020-06-02 16:17:38.144 - INFO - 17028 - azureml.train.automl._azureautomlclient.modify_run_configuration:191 - Package py-xgboost missing from dependencies file.
2020-06-02 16:17:38.144 - INFO - 17028 - azureml.train.automl._azureautomlclient.modify_run_configuration:197 - Using pinned version: py-xgboost<=0.80
2020-06-02 16:17:38.145 - INFO - 17028 - azureml.train.automl._azureautomlclient.modify_run_configuration:191 - Package inference-schema missing from dependencies file.
2020-06-02 16:17:38.145 - INFO - 17028 - azureml.train.automl._azureautomlclient.modify_run_configuration:191 - Package holidays missing from dependencies file.
2020-06-02 16:17:38.145 - INFO - 17028 - azureml.train.automl._azureautomlclient.modify_run_configuration:197 - Using pinned version: holidays==0.9.11
2020-06-02 16:17:38.146 - INFO - 17028 - azureml.train.automl._azureautomlclient.modify_run_configuration:191 - Package fbprophet missing from dependencies file.
2020-06-02 16:17:38.146 - INFO - 17028 - azureml.train.automl._azureautomlclient.modify_run_configuration:197 - Using pinned version: fbprophet==0.5
2020-06-02 16:17:38.146 - INFO - 17028 - azureml.train.automl._azureautomlclient.modify_run_configuration:191 - Package setuptools-git missing from dependencies file.
2020-06-02 16:17:43.332 - INFO - 17028 - azureml.train.automl._azureautomlclient._validate_remote_input:526 - Validation service found the data has no errors.
2020-06-02 16:17:43.333 - INFO - 17028 - azureml.train.automl._azureautomlclient._create_parent_run_for_remote:455 - Start creating parent run.
2020-06-02 16:17:47.049 - INFO - 17028 - azureml.train.automl._azureautomlclient._create_parent_run_for_remote:469 - [ParentRunID:AutoML_b2acef4b-7bd2-4189-b3a8-ece554a54bdd] Remote run using input X and y.
2020-06-02 16:17:48.064 - INFO - 17028 - azureml.train.automl._azureautomlclient._create_parent_run_for_remote:483 - Parent Run ID: AutoML_b2acef4b-7bd2-4189-b3a8-ece554a54bdd
2020-06-02 16:17:48.065 - INFO - 17028 - azureml.train.automl._azureautomlclient._fit_remote_core:396 - Snapshot_id: 
2020-06-02 16:17:48.066 - INFO - 17028 - azureml.train.automl._azureautomlclient._fit_remote_core:405 - Starting a snapshot run (snapshotId : )
2020-06-03 08:31:53.765 - INFO - 14468 - azureml.train.automl._azureautomlclient.modify_run_configuration:191 - Package azureml-train-automl missing from dependencies file.
2020-06-03 08:31:54.862 - INFO - 14468 - azureml.train.automl._azureautomlclient.modify_run_configuration:197 - Using pinned version: azureml-train-automl==1.6.0.*
2020-06-03 08:31:54.864 - INFO - 14468 - azureml.train.automl._azureautomlclient.modify_run_configuration:191 - Package pandas missing from dependencies file.
2020-06-03 08:31:54.864 - INFO - 14468 - azureml.train.automl._azureautomlclient.modify_run_configuration:197 - Using pinned version: pandas>=0.21.0,<=0.23.4
2020-06-03 08:31:54.867 - INFO - 14468 - azureml.train.automl._azureautomlclient.modify_run_configuration:191 - Package scikit-learn missing from dependencies file.
2020-06-03 08:31:54.868 - INFO - 14468 - azureml.train.automl._azureautomlclient.modify_run_configuration:197 - Using pinned version: scikit-learn<=0.20.3,>=0.19.0
2020-06-03 08:31:54.869 - INFO - 14468 - azureml.train.automl._azureautomlclient.modify_run_configuration:191 - Package numpy missing from dependencies file.
2020-06-03 08:31:54.895 - INFO - 14468 - azureml.train.automl._azureautomlclient.modify_run_configuration:197 - Using pinned version: numpy>=1.16.0,<=1.16.2
2020-06-03 08:31:54.897 - INFO - 14468 - azureml.train.automl._azureautomlclient.modify_run_configuration:191 - Package py-xgboost missing from dependencies file.
2020-06-03 08:31:54.898 - INFO - 14468 - azureml.train.automl._azureautomlclient.modify_run_configuration:197 - Using pinned version: py-xgboost<=0.80
2020-06-03 08:31:54.899 - INFO - 14468 - azureml.train.automl._azureautomlclient.modify_run_configuration:191 - Package inference-schema missing from dependencies file.
2020-06-03 08:31:54.901 - INFO - 14468 - azureml.train.automl._azureautomlclient.modify_run_configuration:191 - Package holidays missing from dependencies file.
2020-06-03 08:31:54.901 - INFO - 14468 - azureml.train.automl._azureautomlclient.modify_run_configuration:197 - Using pinned version: holidays==0.9.11
2020-06-03 08:31:54.903 - INFO - 14468 - azureml.train.automl._azureautomlclient.modify_run_configuration:191 - Package fbprophet missing from dependencies file.
2020-06-03 08:31:54.903 - INFO - 14468 - azureml.train.automl._azureautomlclient.modify_run_configuration:197 - Using pinned version: fbprophet==0.5
2020-06-03 08:31:54.904 - INFO - 14468 - azureml.train.automl._azureautomlclient.modify_run_configuration:191 - Package setuptools-git missing from dependencies file.
2020-06-03 08:32:01.140 - INFO - 14468 - azureml.train.automl._azureautomlclient._validate_remote_input:526 - Validation service found the data has no errors.
2020-06-03 08:32:01.141 - INFO - 14468 - azureml.train.automl._azureautomlclient._create_parent_run_for_remote:455 - Start creating parent run.
2020-06-03 08:32:02.183 - INFO - 14468 - azureml.train.automl._azureautomlclient._create_parent_run_for_remote:469 - [ParentRunID:AutoML_7163a89d-309c-44e5-8d48-4cb92fdf9bfa] Remote run using input X and y.
2020-06-03 08:32:03.097 - INFO - 14468 - azureml.train.automl._azureautomlclient._create_parent_run_for_remote:483 - Parent Run ID: AutoML_7163a89d-309c-44e5-8d48-4cb92fdf9bfa
2020-06-03 08:32:03.098 - INFO - 14468 - azureml.train.automl._azureautomlclient._fit_remote_core:396 - Snapshot_id: 
2020-06-03 08:32:03.099 - INFO - 14468 - azureml.train.automl._azureautomlclient._fit_remote_core:405 - Starting a snapshot run (snapshotId : )
