2020-08-04 11:19:01.282 - INFO - 26388 - azureml.train.automl._azureautomlclient.modify_run_configuration:195 - Package azureml-train-automl missing from dependencies file.
2020-08-04 11:19:01.282 - INFO - 26388 - azureml.train.automl._azureautomlclient.modify_run_configuration:201 - Using pinned version: azureml-train-automl==1.9.0.*
2020-08-04 11:19:01.284 - INFO - 26388 - azureml.train.automl._azureautomlclient.modify_run_configuration:195 - Package pandas missing from dependencies file.
2020-08-04 11:19:01.285 - INFO - 26388 - azureml.train.automl._azureautomlclient.modify_run_configuration:201 - Using pinned version: pandas>=0.21.0,<=0.23.4
2020-08-04 11:19:01.286 - INFO - 26388 - azureml.train.automl._azureautomlclient.modify_run_configuration:195 - Package psutil missing from dependencies file.
2020-08-04 11:19:01.287 - INFO - 26388 - azureml.train.automl._azureautomlclient.modify_run_configuration:201 - Using pinned version: psutil>5.0.0,<6.0.0
2020-08-04 11:19:01.288 - INFO - 26388 - azureml.train.automl._azureautomlclient.modify_run_configuration:195 - Package scikit-learn missing from dependencies file.
2020-08-04 11:19:01.289 - INFO - 26388 - azureml.train.automl._azureautomlclient.modify_run_configuration:201 - Using pinned version: scikit-learn<=0.20.3,>=0.19.0
2020-08-04 11:19:01.290 - INFO - 26388 - azureml.train.automl._azureautomlclient.modify_run_configuration:195 - Package numpy missing from dependencies file.
2020-08-04 11:19:01.291 - INFO - 26388 - azureml.train.automl._azureautomlclient.modify_run_configuration:201 - Using pinned version: numpy>=1.16.0,<=1.16.2
2020-08-04 11:19:01.293 - INFO - 26388 - azureml.train.automl._azureautomlclient.modify_run_configuration:195 - Package py-xgboost missing from dependencies file.
2020-08-04 11:19:01.294 - INFO - 26388 - azureml.train.automl._azureautomlclient.modify_run_configuration:201 - Using pinned version: py-xgboost<=0.80
2020-08-04 11:19:01.296 - INFO - 26388 - azureml.train.automl._azureautomlclient.modify_run_configuration:195 - Package inference-schema missing from dependencies file.
2020-08-04 11:19:01.297 - INFO - 26388 - azureml.train.automl._azureautomlclient.modify_run_configuration:195 - Package holidays missing from dependencies file.
2020-08-04 11:19:01.298 - INFO - 26388 - azureml.train.automl._azureautomlclient.modify_run_configuration:201 - Using pinned version: holidays==0.9.11
2020-08-04 11:19:01.299 - INFO - 26388 - azureml.train.automl._azureautomlclient.modify_run_configuration:195 - Package fbprophet missing from dependencies file.
2020-08-04 11:19:01.300 - INFO - 26388 - azureml.train.automl._azureautomlclient.modify_run_configuration:201 - Using pinned version: fbprophet==0.5
2020-08-04 11:19:01.301 - INFO - 26388 - azureml.train.automl._azureautomlclient.modify_run_configuration:195 - Package setuptools-git missing from dependencies file.
2020-08-04 11:19:07.506 - INFO - 26388 - azureml.train.automl._azureautomlclient._validate_remote_input:525 - Validation service found the data has no errors.
2020-08-04 11:19:07.507 - INFO - 26388 - azureml.train.automl._azureautomlclient._create_parent_run_for_remote:455 - Start creating parent run.
2020-08-04 11:19:09.167 - INFO - 26388 - azureml.train.automl._azureautomlclient._create_parent_run_for_remote:469 - [ParentRunID:AutoML_addb9ced-0b99-41cf-a28d-a2b593ef151d] Remote run using input X and y.
2020-08-04 11:19:10.408 - INFO - 26388 - azureml.train.automl._azureautomlclient._create_parent_run_for_remote:482 - Parent Run ID: AutoML_addb9ced-0b99-41cf-a28d-a2b593ef151d
2020-08-04 11:19:15.722 - INFO - 26388 - azureml.train.automl._azureautomlclient._fit_remote_core:394 - Snapshot_id: eb9d0159-6a32-4595-998f-b066f732a853
2020-08-04 11:19:15.724 - INFO - 26388 - azureml.train.automl._azureautomlclient._fit_remote_core:403 - Starting a snapshot run (snapshotId : eb9d0159-6a32-4595-998f-b066f732a853)
2020-08-05 14:41:28.357 - INFO - 9880 - azureml.train.automl._azureautomlclient.modify_run_configuration:191 - Package azureml-train-automl missing from dependencies file.
2020-08-05 14:41:28.358 - INFO - 9880 - azureml.train.automl._azureautomlclient.modify_run_configuration:197 - Using pinned version: azureml-train-automl==1.7.0.*
2020-08-05 14:41:28.358 - INFO - 9880 - azureml.train.automl._azureautomlclient.modify_run_configuration:191 - Package pandas missing from dependencies file.
2020-08-05 14:41:28.359 - INFO - 9880 - azureml.train.automl._azureautomlclient.modify_run_configuration:197 - Using pinned version: pandas>=0.21.0,<=0.23.4
2020-08-05 14:41:28.359 - INFO - 9880 - azureml.train.automl._azureautomlclient.modify_run_configuration:191 - Package scikit-learn missing from dependencies file.
2020-08-05 14:41:28.360 - INFO - 9880 - azureml.train.automl._azureautomlclient.modify_run_configuration:197 - Using pinned version: scikit-learn<=0.20.3,>=0.19.0
2020-08-05 14:41:28.392 - INFO - 9880 - azureml.train.automl._azureautomlclient.modify_run_configuration:191 - Package numpy missing from dependencies file.
2020-08-05 14:41:28.393 - INFO - 9880 - azureml.train.automl._azureautomlclient.modify_run_configuration:197 - Using pinned version: numpy>=1.16.0,<=1.16.2
2020-08-05 14:41:28.394 - INFO - 9880 - azureml.train.automl._azureautomlclient.modify_run_configuration:191 - Package py-xgboost missing from dependencies file.
2020-08-05 14:41:28.394 - INFO - 9880 - azureml.train.automl._azureautomlclient.modify_run_configuration:197 - Using pinned version: py-xgboost<=0.80
2020-08-05 14:41:28.395 - INFO - 9880 - azureml.train.automl._azureautomlclient.modify_run_configuration:191 - Package inference-schema missing from dependencies file.
2020-08-05 14:41:28.396 - INFO - 9880 - azureml.train.automl._azureautomlclient.modify_run_configuration:191 - Package holidays missing from dependencies file.
2020-08-05 14:41:28.396 - INFO - 9880 - azureml.train.automl._azureautomlclient.modify_run_configuration:197 - Using pinned version: holidays==0.9.11
2020-08-05 14:41:28.396 - INFO - 9880 - azureml.train.automl._azureautomlclient.modify_run_configuration:191 - Package fbprophet missing from dependencies file.
2020-08-05 14:41:28.396 - INFO - 9880 - azureml.train.automl._azureautomlclient.modify_run_configuration:197 - Using pinned version: fbprophet==0.5
2020-08-05 14:41:28.396 - INFO - 9880 - azureml.train.automl._azureautomlclient.modify_run_configuration:191 - Package setuptools-git missing from dependencies file.
2020-08-05 14:41:33.069 - INFO - 9880 - azureml.train.automl._azureautomlclient._validate_remote_input:519 - Validation service found the data has no errors.
2020-08-05 14:41:33.070 - INFO - 9880 - azureml.train.automl._azureautomlclient._create_parent_run_for_remote:449 - Start creating parent run.
2020-08-05 14:41:37.455 - INFO - 9880 - azureml.train.automl._azureautomlclient._create_parent_run_for_remote:463 - [ParentRunID:AutoML_767a2239-ed2c-4dc8-ac79-b7b60d2ecc0b] Remote run using input X and y.
2020-08-05 14:41:38.949 - INFO - 9880 - azureml.train.automl._azureautomlclient._create_parent_run_for_remote:476 - Parent Run ID: AutoML_767a2239-ed2c-4dc8-ac79-b7b60d2ecc0b
2020-08-05 14:41:38.949 - INFO - 9880 - azureml.train.automl._azureautomlclient._fit_remote_core:391 - Snapshot_id: 
2020-08-05 14:41:38.951 - INFO - 9880 - azureml.train.automl._azureautomlclient._fit_remote_core:400 - Starting a snapshot run (snapshotId : )
2020-08-06 17:59:11.601 - INFO - 11356 - azureml.train.automl._azureautomlclient.modify_run_configuration:196 - Package azureml-train-automl missing from dependencies file.
2020-08-06 17:59:11.601 - INFO - 11356 - azureml.train.automl._azureautomlclient.modify_run_configuration:202 - Using pinned version: azureml-train-automl==1.11.0.*
2020-08-06 17:59:11.602 - INFO - 11356 - azureml.train.automl._azureautomlclient.modify_run_configuration:196 - Package pandas missing from dependencies file.
2020-08-06 17:59:11.602 - INFO - 11356 - azureml.train.automl._azureautomlclient.modify_run_configuration:202 - Using pinned version: pandas>=0.21.0,<=0.23.4
2020-08-06 17:59:11.603 - INFO - 11356 - azureml.train.automl._azureautomlclient.modify_run_configuration:196 - Package psutil missing from dependencies file.
2020-08-06 17:59:11.603 - INFO - 11356 - azureml.train.automl._azureautomlclient.modify_run_configuration:202 - Using pinned version: psutil>5.0.0,<6.0.0
2020-08-06 17:59:11.604 - INFO - 11356 - azureml.train.automl._azureautomlclient.modify_run_configuration:196 - Package scikit-learn missing from dependencies file.
2020-08-06 17:59:11.604 - INFO - 11356 - azureml.train.automl._azureautomlclient.modify_run_configuration:202 - Using pinned version: scikit-learn<=0.20.3,>=0.19.0
2020-08-06 17:59:11.604 - INFO - 11356 - azureml.train.automl._azureautomlclient.modify_run_configuration:196 - Package numpy missing from dependencies file.
2020-08-06 17:59:11.604 - INFO - 11356 - azureml.train.automl._azureautomlclient.modify_run_configuration:202 - Using pinned version: numpy>=1.16.0,<1.17.0
2020-08-06 17:59:11.604 - INFO - 11356 - azureml.train.automl._azureautomlclient.modify_run_configuration:196 - Package py-xgboost missing from dependencies file.
2020-08-06 17:59:11.604 - INFO - 11356 - azureml.train.automl._azureautomlclient.modify_run_configuration:202 - Using pinned version: py-xgboost<=0.80
2020-08-06 17:59:11.605 - INFO - 11356 - azureml.train.automl._azureautomlclient.modify_run_configuration:196 - Package inference-schema missing from dependencies file.
2020-08-06 17:59:11.605 - INFO - 11356 - azureml.train.automl._azureautomlclient.modify_run_configuration:196 - Package holidays missing from dependencies file.
2020-08-06 17:59:11.605 - INFO - 11356 - azureml.train.automl._azureautomlclient.modify_run_configuration:202 - Using pinned version: holidays==0.9.11
2020-08-06 17:59:11.605 - INFO - 11356 - azureml.train.automl._azureautomlclient.modify_run_configuration:196 - Package fbprophet missing from dependencies file.
2020-08-06 17:59:11.605 - INFO - 11356 - azureml.train.automl._azureautomlclient.modify_run_configuration:202 - Using pinned version: fbprophet==0.5
2020-08-06 17:59:11.605 - INFO - 11356 - azureml.train.automl._azureautomlclient.modify_run_configuration:196 - Package setuptools-git missing from dependencies file.
2020-08-06 17:59:15.503 - INFO - 11356 - azureml.train.automl._azureautomlclient._validate_input:596 - Validation service found the data has no errors.
2020-08-06 17:59:15.503 - INFO - 11356 - azureml.train.automl._azureautomlclient._create_parent_run_for_remote:475 - Start creating parent run.
2020-08-06 17:59:17.393 - INFO - 11356 - azureml.train.automl._azureautomlclient._create_parent_run_for_remote:495 - [ParentRunID:AutoML_1742a156-cb77-41ff-8e43-3b7ce9a8ca95] Remote run using input X and y.
2020-08-06 17:59:18.638 - INFO - 11356 - azureml.train.automl._azureautomlclient._create_parent_run_for_remote:508 - Parent Run ID: AutoML_1742a156-cb77-41ff-8e43-3b7ce9a8ca95
2020-08-06 17:59:23.367 - INFO - 11356 - azureml.train.automl._azureautomlclient._take_snapshot:394 - Snapshot_id: 6242a313-461d-4b37-baed-775dad4fa493
2020-08-06 17:59:23.370 - INFO - 11356 - azureml.train.automl._azureautomlclient._fit_remote_core:437 - Starting a snapshot run (snapshotId : 6242a313-461d-4b37-baed-775dad4fa493)
2020-08-26 16:34:55.672 - INFO - 20804 - azureml.train.automl._azureautomlclient.modify_run_configuration:196 - Package azureml-train-automl missing from dependencies file.
2020-08-26 16:34:55.673 - INFO - 20804 - azureml.train.automl._azureautomlclient.modify_run_configuration:202 - Using pinned version: azureml-train-automl==1.12.0.*
2020-08-26 16:34:55.673 - INFO - 20804 - azureml.train.automl._azureautomlclient.modify_run_configuration:196 - Package pandas missing from dependencies file.
2020-08-26 16:34:55.673 - INFO - 20804 - azureml.train.automl._azureautomlclient.modify_run_configuration:202 - Using pinned version: pandas>=0.21.0,<=0.23.4
2020-08-26 16:34:55.674 - INFO - 20804 - azureml.train.automl._azureautomlclient.modify_run_configuration:196 - Package psutil missing from dependencies file.
2020-08-26 16:34:55.675 - INFO - 20804 - azureml.train.automl._azureautomlclient.modify_run_configuration:202 - Using pinned version: psutil>5.0.0,<6.0.0
2020-08-26 16:34:55.675 - INFO - 20804 - azureml.train.automl._azureautomlclient.modify_run_configuration:196 - Package scikit-learn missing from dependencies file.
2020-08-26 16:34:55.676 - INFO - 20804 - azureml.train.automl._azureautomlclient.modify_run_configuration:202 - Using pinned version: scikit-learn<=0.20.3,>=0.19.0
2020-08-26 16:34:55.678 - INFO - 20804 - azureml.train.automl._azureautomlclient.modify_run_configuration:196 - Package numpy missing from dependencies file.
2020-08-26 16:34:55.678 - INFO - 20804 - azureml.train.automl._azureautomlclient.modify_run_configuration:202 - Using pinned version: numpy>=1.16.0,<1.17.0
2020-08-26 16:34:55.680 - INFO - 20804 - azureml.train.automl._azureautomlclient.modify_run_configuration:196 - Package py-xgboost missing from dependencies file.
2020-08-26 16:34:55.681 - INFO - 20804 - azureml.train.automl._azureautomlclient.modify_run_configuration:202 - Using pinned version: py-xgboost<=0.80
2020-08-26 16:34:55.718 - INFO - 20804 - azureml.train.automl._azureautomlclient.modify_run_configuration:196 - Package inference-schema missing from dependencies file.
2020-08-26 16:34:55.726 - INFO - 20804 - azureml.train.automl._azureautomlclient.modify_run_configuration:196 - Package holidays missing from dependencies file.
2020-08-26 16:34:55.727 - INFO - 20804 - azureml.train.automl._azureautomlclient.modify_run_configuration:202 - Using pinned version: holidays==0.9.11
2020-08-26 16:34:55.729 - INFO - 20804 - azureml.train.automl._azureautomlclient.modify_run_configuration:196 - Package fbprophet missing from dependencies file.
2020-08-26 16:34:55.729 - INFO - 20804 - azureml.train.automl._azureautomlclient.modify_run_configuration:202 - Using pinned version: fbprophet==0.5
2020-08-26 16:34:55.731 - INFO - 20804 - azureml.train.automl._azureautomlclient.modify_run_configuration:196 - Package setuptools-git missing from dependencies file.
2020-08-26 16:35:02.394 - INFO - 20804 - azureml.train.automl._azureautomlclient._validate_input:625 - Validation service found the data has no errors.
2020-08-26 16:35:02.395 - INFO - 20804 - azureml.train.automl._azureautomlclient._create_parent_run_for_remote:504 - Start creating parent run.
2020-08-26 16:35:04.236 - INFO - 20804 - azureml.train.automl._azureautomlclient._create_parent_run_for_remote:524 - [ParentRunID:AutoML_7fc828a5-3a56-4269-b9e2-1c6786189710] Remote run using input X and y.
2020-08-26 16:35:05.933 - INFO - 20804 - azureml.train.automl._azureautomlclient._create_parent_run_for_remote:537 - Parent Run ID: AutoML_7fc828a5-3a56-4269-b9e2-1c6786189710
2020-08-26 16:35:05.935 - INFO - 20804 - azureml.train.automl._azureautomlclient._fit_remote_core:466 - Starting a snapshot run (snapshot_id : None)
2020-08-26 16:35:42.362 - INFO - 20804 - azureml.train.automl._azureautomlclient.modify_run_configuration:196 - Package azureml-train-automl missing from dependencies file.
2020-08-26 16:35:42.362 - INFO - 20804 - azureml.train.automl._azureautomlclient.modify_run_configuration:202 - Using pinned version: azureml-train-automl==1.12.0.*
2020-08-26 16:35:42.363 - INFO - 20804 - azureml.train.automl._azureautomlclient.modify_run_configuration:196 - Package pandas missing from dependencies file.
2020-08-26 16:35:42.363 - INFO - 20804 - azureml.train.automl._azureautomlclient.modify_run_configuration:202 - Using pinned version: pandas>=0.21.0,<=0.23.4
2020-08-26 16:35:42.364 - INFO - 20804 - azureml.train.automl._azureautomlclient.modify_run_configuration:196 - Package psutil missing from dependencies file.
2020-08-26 16:35:42.365 - INFO - 20804 - azureml.train.automl._azureautomlclient.modify_run_configuration:202 - Using pinned version: psutil>5.0.0,<6.0.0
2020-08-26 16:35:42.365 - INFO - 20804 - azureml.train.automl._azureautomlclient.modify_run_configuration:196 - Package scikit-learn missing from dependencies file.
2020-08-26 16:35:42.365 - INFO - 20804 - azureml.train.automl._azureautomlclient.modify_run_configuration:202 - Using pinned version: scikit-learn<=0.20.3,>=0.19.0
2020-08-26 16:35:42.366 - INFO - 20804 - azureml.train.automl._azureautomlclient.modify_run_configuration:196 - Package numpy missing from dependencies file.
2020-08-26 16:35:42.366 - INFO - 20804 - azureml.train.automl._azureautomlclient.modify_run_configuration:202 - Using pinned version: numpy>=1.16.0,<1.17.0
2020-08-26 16:35:42.367 - INFO - 20804 - azureml.train.automl._azureautomlclient.modify_run_configuration:196 - Package py-xgboost missing from dependencies file.
2020-08-26 16:35:42.368 - INFO - 20804 - azureml.train.automl._azureautomlclient.modify_run_configuration:202 - Using pinned version: py-xgboost<=0.80
2020-08-26 16:35:42.369 - INFO - 20804 - azureml.train.automl._azureautomlclient.modify_run_configuration:196 - Package inference-schema missing from dependencies file.
2020-08-26 16:35:42.370 - INFO - 20804 - azureml.train.automl._azureautomlclient.modify_run_configuration:196 - Package holidays missing from dependencies file.
2020-08-26 16:35:42.371 - INFO - 20804 - azureml.train.automl._azureautomlclient.modify_run_configuration:202 - Using pinned version: holidays==0.9.11
2020-08-26 16:35:42.373 - INFO - 20804 - azureml.train.automl._azureautomlclient.modify_run_configuration:196 - Package fbprophet missing from dependencies file.
2020-08-26 16:35:42.374 - INFO - 20804 - azureml.train.automl._azureautomlclient.modify_run_configuration:202 - Using pinned version: fbprophet==0.5
2020-08-26 16:35:42.376 - INFO - 20804 - azureml.train.automl._azureautomlclient.modify_run_configuration:196 - Package setuptools-git missing from dependencies file.
2020-08-26 16:35:50.413 - INFO - 20804 - azureml.train.automl._azureautomlclient._validate_input:625 - Validation service found the data has no errors.
2020-08-26 16:35:50.415 - INFO - 20804 - azureml.train.automl._azureautomlclient._create_parent_run_for_remote:504 - Start creating parent run.
2020-08-26 16:35:52.287 - INFO - 20804 - azureml.train.automl._azureautomlclient._create_parent_run_for_remote:524 - [ParentRunID:AutoML_1e6d420c-b14f-49ff-98eb-46e1b2778dba] Remote run using input X and y.
2020-08-26 16:35:53.632 - INFO - 20804 - azureml.train.automl._azureautomlclient._create_parent_run_for_remote:537 - Parent Run ID: AutoML_1e6d420c-b14f-49ff-98eb-46e1b2778dba
2020-08-26 16:35:53.633 - INFO - 20804 - azureml.train.automl._azureautomlclient._fit_remote_core:466 - Starting a snapshot run (snapshot_id : None)
